\BOOKMARK [0][-]{chapter*.1}{Tables des mati\350res}{}% 1
\BOOKMARK [-1][-]{part.1}{I Introduction}{}% 2
\BOOKMARK [0][-]{section.0.1}{Pr\351sentation du contenu du rapport}{part.1}% 3
\BOOKMARK [-1][-]{part.2}{II Conception d'ensemble}{}% 4
\BOOKMARK [0][-]{section.0.1}{Mod\350les conceptuels de donn\351es}{part.2}% 5
\BOOKMARK [1][-]{section.0.2}{Diagramme d\220\351tat de l'objet m\351tier contact}{section.0.1}% 6
\BOOKMARK [1][-]{section.0.3}{Choix de l\220environnement technique}{section.0.1}% 7
\BOOKMARK [-1][-]{part.3}{III Conception fonctionnelle d\351taill\351e}{}% 8
\BOOKMARK [0][-]{section.0.1}{CU1 - G\351n\351ration de contacts}{part.3}% 9
\BOOKMARK [1][-]{section.0.2}{CU2 - R\351partition des contacts commerciaux}{section.0.1}% 10
\BOOKMARK [1][-]{section.0.3}{CU3 - Suivi de l\220action commercial}{section.0.1}% 11
\BOOKMARK [1][-]{section.0.4}{CU4 \205 Gestion de la liste des contacts clients}{section.0.1}% 12
\BOOKMARK [1][-]{section.0.5}{CU5 - Planification de l\220activit\351 de l\220agence du mois suivant}{section.0.1}% 13
\BOOKMARK [1][-]{section.0.6}{CU6 - Planification des contacts commerciaux}{section.0.1}% 14
\BOOKMARK [1][-]{section.0.7}{CU7 - Consultation des agendas}{section.0.1}% 15
\BOOKMARK [1][-]{section.0.8}{CU8 - Pr\351paration d\220entretien par un agent}{section.0.1}% 16
\BOOKMARK [1][-]{section.0.9}{CU9 - Conduite de l\220entretien par l\220agent}{section.0.1}% 17
\BOOKMARK [1][-]{section.0.10}{CU10 - Consultation du dossier client}{section.0.1}% 18
\BOOKMARK [-1][-]{part.4}{IV IHM}{}% 19
\BOOKMARK [0][-]{section.0.1}{Enchainement des fen\352tres - EDF}{part.4}% 20
\BOOKMARK [1][-]{section.0.2}{Pr\351sentation des diff\351rentes vues}{section.0.1}% 21
\BOOKMARK [-1][-]{part.5}{V Conception applicative d\351taill\351e}{}% 22
\BOOKMARK [0][-]{section.0.3}{Identification des services et la dynamique de l\220architecture}{part.5}% 23
\BOOKMARK [1][-]{section.0.4}{Sp\351cification des services}{section.0.3}% 24
\BOOKMARK [-1][-]{part.6}{VI Architecture technique et r\351partition du syst\350me d\220information}{}% 25
\BOOKMARK [0][-]{section.0.5}{Choix du type d'IHM}{part.6}% 26
\BOOKMARK [1][-]{section.0.6}{Serveurs et localisation}{section.0.5}% 27
\BOOKMARK [1][-]{section.0.7}{Implantation des composants du noyau applicatif et flux de donn\351es}{section.0.5}% 28
\BOOKMARK [-1][-]{part.7}{VII Diagramme de collaboration - Validation de l'architecture globale}{}% 29
\BOOKMARK [0][-]{section.0.1}{Diagramme de collaboration}{part.7}% 30
\BOOKMARK [-1][-]{part.8}{VIII Conclusion et Bilan}{}% 31
\BOOKMARK [0][-]{section.0.1}{Bilan du chef de projet}{part.8}% 32
\BOOKMARK [1][-]{section.0.2}{Conclusion}{section.0.1}% 33
\BOOKMARK [0][-]{section.0.2}{Listes des figures}{part.8}% 34
